
==========================================================
 Decision (TTC+FSM) - Fault Injection Suite (ASIL-D)
==========================================================

[Category A] NaN / +-Infinity on live inputs
  [fault_a1_ttc_calc_nan_distance]
  [fault_a2_ttc_calc_nan_vrel]
  [fault_a3_ttc_calc_inf_vrel]
  [fault_a4_dbrake_calc_nan]
  [fault_a5_dbrake_calc_inf]
  [fault_a6_fsm_delta_t_nan]
  [fault_a7_ttc_process_nan_distance]

[Category B] Numeric extremes
  [fault_b1_ttc_calc_neg_distance]
  [fault_b2_dbrake_calc_fltmax]
  [fault_b3_dbrake_calc_large_neg]
  [fault_b4_fsm_delta_t_huge]

[Category C] SEU / corrupted state
  [fault_c1_fsm_state_42]
  [fault_c2_fsm_state_255]
  [fault_c3_aeb_enabled_0xAA]
    FAIL  fault_c3_aeb_enabled_0xAA  C3: 0xAA treated as disabled
  [fault_c4_fault_flag_0xFF]
  [fault_c5_is_closing_0x80]

[Category D] Persistence / abusive sequences
  [fault_d1_rapid_toggle]
  [fault_d2_warning_persist_long]
  [fault_d3_post_brake_exit]
  [fault_d4_debounce_oscillation]

==========================================================
 Results: 32 run, 31 passed, 1 failed
==========================================================

