==4629== Memcheck, a memory error detector
==4629== Copyright (C) 2002-2022, and GNU GPL'd, by Julian Seward et al.
==4629== Using Valgrind-3.22.0 and LibVEX; rerun with -h for copyright info
==4629== Command: reports/vv_can/memory_safety/test_can_dbg
==4629== 
=== AEB CAN Module — Unit Tests ===

  [TEST] test_signal_roundtrip
  [TEST] test_init_success
  [TEST] test_init_failure
  [TEST] test_rx_ego_vehicle
  [TEST] test_rx_yaw_rate
  [TEST] test_rx_radar_target
  [TEST] test_rx_driver_input
  [TEST] test_tx_alert
  [TEST] test_rx_timeout
  [TEST] test_rx_timeout_reset_on_valid_frame
  [TEST] test_tx_brake_cmd
  [TEST] test_tx_fsm_period
  [TEST] test_tx_send_failure

=== Results: 36 run, 36 passed, 0 failed ===
==4629== 
==4629== HEAP SUMMARY:
==4629==     in use at exit: 0 bytes in 0 blocks
==4629==   total heap usage: 1 allocs, 1 frees, 4,096 bytes allocated
==4629== 
==4629== All heap blocks were freed -- no leaks are possible
==4629== 
==4629== For lists of detected and suppressed errors, rerun with: -s
==4629== ERROR SUMMARY: 0 errors from 0 contexts (suppressed: 0 from 0)
