Checking src/communication/aeb_can.c ...
src/communication/aeb_can.c:313:28: style: misra violation (use --rule-texts=<file> to get proper output) [misra-c2012-10.6]
        uint32_t brake_req = (pid_out->brake_pct > 0.0F) ? 1U : 0U;
                           ^
1/2 files checked 64% done
Checking include/aeb_can.h ...
2/2 files checked 100% done
include/aeb_types.h:89:1: style: misra violation (use --rule-texts=<file> to get proper output) [misra-c2012-2.3]
typedef struct
^
include/aeb_types.h:101:1: style: misra violation (use --rule-texts=<file> to get proper output) [misra-c2012-2.3]
typedef enum
^
include/aeb_types.h:30:1: style: misra violation (use --rule-texts=<file> to get proper output) [misra-c2012-2.3]
typedef struct
^
include/aeb_types.h:122:1: style: misra violation (use --rule-texts=<file> to get proper output) [misra-c2012-2.3]
typedef struct
^
include/aeb_types.h:43:1: style: misra violation (use --rule-texts=<file> to get proper output) [misra-c2012-2.3]
typedef struct
^
include/aeb_types.h:31:1: style: misra violation (use --rule-texts=<file> to get proper output) [misra-c2012-2.4]
{
^
include/aeb_types.h:44:1: style: misra violation (use --rule-texts=<file> to get proper output) [misra-c2012-2.4]
{
^
include/aeb_types.h:90:1: style: misra violation (use --rule-texts=<file> to get proper output) [misra-c2012-2.4]
{
^
include/aeb_types.h:102:1: style: misra violation (use --rule-texts=<file> to get proper output) [misra-c2012-2.4]
{
^
include/aeb_types.h:123:1: style: misra violation (use --rule-texts=<file> to get proper output) [misra-c2012-2.4]
{
^
include/aeb_can.h:45:0: style: misra violation (use --rule-texts=<file> to get proper output) [misra-c2012-2.5]
#define CAN_ERR_TIMEOUT       (-3)
^
include/aeb_config.h:21:0: style: misra violation (use --rule-texts=<file> to get proper output) [misra-c2012-2.5]
#define AEB_CYCLE_TIME_MS     10U        /**< 100 Hz                  */
^
include/aeb_config.h:22:0: style: misra violation (use --rule-texts=<file> to get proper output) [misra-c2012-2.5]
#define AEB_DT                0.01F      /**< 10 ms in seconds        */
^
include/aeb_config.h:29:0: style: misra violation (use --rule-texts=<file> to get proper output) [misra-c2012-2.5]
#define TTC_MAX               10.0F      /**< s — saturation          */
^
include/aeb_config.h:30:0: style: misra violation (use --rule-texts=<file> to get proper output) [misra-c2012-2.5]
#define V_REL_MIN             0.5F       /**< m/s                     */
^
include/aeb_config.h:33:0: style: misra violation (use --rule-texts=<file> to get proper output) [misra-c2012-2.5]
#define D_FLOOR_L1            20.0F      /**< m                       */
^
include/aeb_config.h:34:0: style: misra violation (use --rule-texts=<file> to get proper output) [misra-c2012-2.5]
#define D_FLOOR_L2            10.0F      /**< m                       */
^
include/aeb_config.h:35:0: style: misra violation (use --rule-texts=<file> to get proper output) [misra-c2012-2.5]
#define D_FLOOR_L3            5.0F       /**< m                       */
^
include/aeb_config.h:38:0: style: misra violation (use --rule-texts=<file> to get proper output) [misra-c2012-2.5]
#define V_EGO_MIN             2.78F      /**< m/s = 10 km/h           */
^
include/aeb_config.h:39:0: style: misra violation (use --rule-texts=<file> to get proper output) [misra-c2012-2.5]
#define V_EGO_MAX             16.67F     /**< m/s = 60 km/h           */
^
include/aeb_config.h:42:0: style: misra violation (use --rule-texts=<file> to get proper output) [misra-c2012-2.5]
#define DECEL_L1              2.0F       /**< m/s^2                   */
^
include/aeb_config.h:43:0: style: misra violation (use --rule-texts=<file> to get proper output) [misra-c2012-2.5]
#define DECEL_L2              4.0F       /**< m/s^2                   */
^
include/aeb_config.h:44:0: style: misra violation (use --rule-texts=<file> to get proper output) [misra-c2012-2.5]
#define DECEL_L3              6.0F       /**< m/s^2 (= amax)          */
^
include/aeb_config.h:47:0: style: misra violation (use --rule-texts=<file> to get proper output) [misra-c2012-2.5]
#define HYSTERESIS_TIME       0.2F       /**< s — de-escalation       */
^
include/aeb_config.h:48:0: style: misra violation (use --rule-texts=<file> to get proper output) [misra-c2012-2.5]
#define WARNING_MIN_TIME      0.8F       /**< s — FR-ALR-003          */
^
include/aeb_config.h:49:0: style: misra violation (use --rule-texts=<file> to get proper output) [misra-c2012-2.5]
#define POST_BRAKE_HOLD       2.0F       /**< s — FR-BRK-005          */
^
include/aeb_config.h:50:0: style: misra violation (use --rule-texts=<file> to get proper output) [misra-c2012-2.5]
#define V_STOP_THRESHOLD      0.01F      /**< m/s                     */
^
include/aeb_config.h:53:0: style: misra violation (use --rule-texts=<file> to get proper output) [misra-c2012-2.5]
#define PID_KP                10.0F
^
include/aeb_config.h:54:0: style: misra violation (use --rule-texts=<file> to get proper output) [misra-c2012-2.5]
#define PID_KI                0.05F
^
include/aeb_config.h:55:0: style: misra violation (use --rule-texts=<file> to get proper output) [misra-c2012-2.5]
#define PID_INTEG_MAX         50.0F      /**< % — anti-windup         */
^
include/aeb_config.h:56:0: style: misra violation (use --rule-texts=<file> to get proper output) [misra-c2012-2.5]
#define BRAKE_OUT_MAX         100.0F     /**< %                       */
^
include/aeb_config.h:57:0: style: misra violation (use --rule-texts=<file> to get proper output) [misra-c2012-2.5]
#define BRAKE_OUT_MIN         0.0F       /**< %                       */
^
include/aeb_config.h:58:0: style: misra violation (use --rule-texts=<file> to get proper output) [misra-c2012-2.5]
#define MAX_JERK              10.0F      /**< m/s^3                   */
^
include/aeb_config.h:61:0: style: misra violation (use --rule-texts=<file> to get proper output) [misra-c2012-2.5]
#define SENSOR_FAULT_CYCLES   3U         /**< consecutive bad cycles  */
^
include/aeb_config.h:62:0: style: misra violation (use --rule-texts=<file> to get proper output) [misra-c2012-2.5]
#define DIST_ROC_LIMIT        10.0F      /**< m/cycle                 */
^
include/aeb_config.h:63:0: style: misra violation (use --rule-texts=<file> to get proper output) [misra-c2012-2.5]
#define VEL_ROC_LIMIT         2.0F       /**< m/s per cycle           */
^
include/aeb_config.h:64:0: style: misra violation (use --rule-texts=<file> to get proper output) [misra-c2012-2.5]
#define STEERING_OVERRIDE_DEG 5.0F       /**< degrees                 */
^
include/aeb_config.h:67:0: style: misra violation (use --rule-texts=<file> to get proper output) [misra-c2012-2.5]
#define CAN_BAUD_RATE         500000U    /**< 500 kbit/s              */
^
include/aeb_config.h:68:0: style: misra violation (use --rule-texts=<file> to get proper output) [misra-c2012-2.5]
#define CAN_TX_PERIOD_MS      50U        /**< ego dynamics TX period  */
^
include/aeb_config.h:69:0: style: misra violation (use --rule-texts=<file> to get proper output) [misra-c2012-2.5]
#define CAN_RX_TIMEOUT_MS     60U        /**< 3 x 20 ms              */
^
include/aeb_config.h:72:0: style: misra violation (use --rule-texts=<file> to get proper output) [misra-c2012-2.5]
#define UDS_DID_TTC           0xF100U    /**< DID — TTC value         */
^
include/aeb_config.h:73:0: style: misra violation (use --rule-texts=<file> to get proper output) [misra-c2012-2.5]
#define UDS_DID_FSM_STATE     0xF101U    /**< DID — FSM state         */
^
include/aeb_config.h:74:0: style: misra violation (use --rule-texts=<file> to get proper output) [misra-c2012-2.5]
#define UDS_DID_BRAKE_PRESS   0xF102U    /**< DID — Brake pressure    */
^
include/aeb_config.h:75:0: style: misra violation (use --rule-texts=<file> to get proper output) [misra-c2012-2.5]
#define UDS_ROUTINE_AEB       0x0301U    /**< RID — AEB enable/disable*/
^
include/aeb_config.h:78:0: style: misra violation (use --rule-texts=<file> to get proper output) [misra-c2012-2.5]
#define RADAR_DIST_MIN      0.5f    /* m                          */
^
include/aeb_config.h:79:0: style: misra violation (use --rule-texts=<file> to get proper output) [misra-c2012-2.5]
#define RADAR_DIST_MAX      200.0f  /* m                          */
^
include/aeb_config.h:80:0: style: misra violation (use --rule-texts=<file> to get proper output) [misra-c2012-2.5]
#define LIDAR_DIST_MIN      1.0f    /* m                          */
^
include/aeb_config.h:81:0: style: misra violation (use --rule-texts=<file> to get proper output) [misra-c2012-2.5]
#define LIDAR_DIST_MAX      100.0f  /* m                          */
^
include/aeb_config.h:82:0: style: misra violation (use --rule-texts=<file> to get proper output) [misra-c2012-2.5]
#define MAX_REL_VEL         50.0f   /* m/s                        */
^
include/aeb_config.h:85:0: style: misra violation (use --rule-texts=<file> to get proper output) [misra-c2012-2.5]
#define KALMAN_R_LIDAR      0.0025f /* m^2                        */
^
include/aeb_config.h:86:0: style: misra violation (use --rule-texts=<file> to get proper output) [misra-c2012-2.5]
#define KALMAN_R_RADAR_D    0.09f   /* m^2                        */
^
include/aeb_config.h:87:0: style: misra violation (use --rule-texts=<file> to get proper output) [misra-c2012-2.5]
#define KALMAN_R_RADAR_V    0.01f   /* (m/s)^2                    */
^
include/aeb_config.h:90:0: style: misra violation (use --rule-texts=<file> to get proper output) [misra-c2012-2.5]
#define KALMAN_Q_D          1e-4f   /* m^2                        */
^
include/aeb_config.h:91:0: style: misra violation (use --rule-texts=<file> to get proper output) [misra-c2012-2.5]
#define KALMAN_Q_V          1e-5f   /* (m/s)^2                    */
^
include/aeb_config.h:94:0: style: misra violation (use --rule-texts=<file> to get proper output) [misra-c2012-2.5]
#define KALMAN_P0_D         1.0f    /* m^2                        */
^
include/aeb_config.h:95:0: style: misra violation (use --rule-texts=<file> to get proper output) [misra-c2012-2.5]
#define KALMAN_P0_V         0.25f   /* (m/s)^2                    */
^
include/aeb_config.h:98:0: style: misra violation (use --rule-texts=<file> to get proper output) [misra-c2012-2.5]
#define DIST_MAX_OUTPUT     300.0f  /* m                          */
^
include/aeb_config.h:99:0: style: misra violation (use --rule-texts=<file> to get proper output) [misra-c2012-2.5]
#define DIST_MIN_OUTPUT     0.5f    /* m                          */
^
include/aeb_types.h:113:0: style: misra violation (use --rule-texts=<file> to get proper output) [misra-c2012-2.5]
#define AEB_FAULT_LIDAR    ((uint8_t)0x01U)
^
include/aeb_types.h:114:0: style: misra violation (use --rule-texts=<file> to get proper output) [misra-c2012-2.5]
#define AEB_FAULT_RADAR    ((uint8_t)0x02U)
^
include/aeb_types.h:115:0: style: misra violation (use --rule-texts=<file> to get proper output) [misra-c2012-2.5]
#define AEB_FAULT_CAN_TO   ((uint8_t)0x80U)
^
nofile:0:0: information: Active checkers: 305/792 (use --checkers-report=<filename> to see details) [checkersReport]

