
========================================
Decision Logic Tests (TTC + FSM)
Author: Lourenço Jamba Mphili
Requirements: FR-DEC-001 to FR-DEC-011
              FR-FSM-001 to FR-FSM-006
========================================

--- TTC Tests (FR-DEC-001, FR-DEC-002, FR-DEC-003) ---
  ✅ PASS: TTC normal closing (5.0s)
  ✅ PASS: TTC critical (0.5s)
  ✅ PASS: TTC not closing (max 10.0s)
  ✅ PASS: Braking distance at 50 km/h
  ✅ PASS: Braking distance at zero speed

--- FSM Tests (FR-FSM-001 to FR-FSM-006) ---
  ✅ PASS: FSM initial state = STANDBY
  ✅ PASS: FSM goes to OFF on fault
  ✅ PASS: Driver override goes to STANDBY

--- Issue #95: brake-hold below V_EGO_MIN ---
  ✅ PASS: FSM enters a BRAKE_Lx state under TTC + distance floor
  ✅ PASS: FSM stays in BRAKE_Lx when v_ego dips below V_EGO_MIN while distance floor still applies (#95)
  ✅ PASS: Brake remains active when actively braking below V_EGO_MIN
  ✅ PASS: decel_target stays > 0 when actively braking below V_EGO_MIN
  ✅ PASS: FSM enters POST_BRAKE once v_ego < V_STOP_THRESHOLD
  ✅ PASS: Low-speed idle (not braking) falls to STANDBY
  ✅ PASS: Brake is released in STANDBY at low speed

--- Parameter Validation (SRS Table 10) ---
  ✅ PASS: Deceleration values (2/4/6 m/s² per Table 10)

========================================
RESULTS: 16 passed, 0 failed
========================================

✅ ALL TESTS PASSED - Decision Logic ready for integration

========================================
Decision MC/DC Gap-Closure Tests
Module: TTC + FSM  (author Lourenço, validator Eryca)
Standard: ISO 26262-6 Table 12 item 1c (ASIL-D)
========================================

--- Group A: TTC edge cases ---
  ✅ PASS: A1: TTC > TTC_MAX clamped to TTC_MAX
  ✅ PASS: A2: TTC with distance=0 returns TTC_MAX
  ✅ PASS: A3: TTC with negative distance returns TTC_MAX
  ✅ PASS: A4: ttc_process(NULL perception) is a no-op
  ✅ PASS: A5: ttc_process(NULL output) does not crash

--- Group B: FSM defensive entry ---
  ✅ PASS: B1: fsm_step(delta_t=0) is a no-op
  ✅ PASS: B2: fsm_step(delta_t<0) is a no-op
  ✅ PASS: B3: fsm_step(NULL perception) is a no-op
  ✅ PASS: B4: fsm_step(NULL driver) is a no-op
  ✅ PASS: B5: fsm_step(NULL ttc_in) is a no-op
  ✅ PASS: B6: fsm_step(NULL fsm_out) does not crash

--- Group C: evaluate_desired_state bands ---
  ✅ PASS: C1: WARNING → STANDBY when is_closing=0 (FR-DEC-004)
  ✅ PASS: C2: WARNING → BRAKE_L3 when d_brake ≥ distance (FR-DEC-003)
  ✅ PASS: C3: distance ≤ 5 m → BRAKE_L3 (FR-DEC-004 + Table 10)
  ✅ PASS: C4: 5 < distance ≤ 10 m → BRAKE_L2 (FR-DEC-004 + Table 10)
  ✅ PASS: C5: 10 < distance ≤ 20 m → BRAKE_L1 (FR-DEC-004 + Table 10)
  ✅ PASS: C6: ttc ≤ TTC_BRAKE_L3 → BRAKE_L3 (FR-DEC-004 + Table 10)
  ✅ PASS: C7: TTC_BRAKE_L3 < ttc ≤ TTC_BRAKE_L2 → BRAKE_L2 (FR-DEC-004 + Table 10)
  ✅ PASS: C8: TTC_BRAKE_L2 < ttc ≤ TTC_BRAKE_L1 → BRAKE_L1 (FR-DEC-004 + Table 10)
  ✅ PASS: C9: TTC_BRAKE_L1 < ttc ≤ TTC_WARNING → stays WARNING
  ✅ PASS: C10: ttc > TTC_WARNING → STANDBY (else branch in evaluate_desired_state)

--- Group D: speed out-of-range ---
  ✅ PASS: D1: v_ego < V_EGO_MIN forces STANDBY with brake_active=0
  ✅ PASS: D2: v_ego > V_EGO_MAX forces STANDBY
  ✅ PASS: D3: BRAKE_L3 with v_ego≈0 transitions to POST_BRAKE (speed-guard branch)

--- Group E: POST_BRAKE transitions (FR-FSM-006 + FR-BRK-005/006) ---
  ✅ PASS: E1: POST_BRAKE → STANDBY after 2 s timeout (FR-FSM-006 + FR-BRK-005)
  ✅ PASS: E2: POST_BRAKE → STANDBY on accel_pedal (FR-FSM-006 + FR-BRK-006)
  ✅ PASS: E3: POST_BRAKE holds for < 2 s without accel input

--- Group F: WARNING debounce ---
  ✅ PASS: F1: WARNING holds during debounce (< 0.2 s)

--- Group G: BRAKE transitions ---
  ✅ PASS: G2: BRAKE_L1 → BRAKE_L3 on escalation (immediate, no debounce)
  ✅ PASS: G3: BRAKE_L3 → BRAKE_L1 after 0.2 s debounce (de-escalation)

--- Group H: STANDBY → WARNING (FR-DEC-011) ---
  ✅ PASS: H1: STANDBY → WARNING on desired=WARNING
  ✅ PASS: H2: STANDBY with desired=BRAKE forced to WARNING first (FR-DEC-011)

--- Group I: steering override (FR-DEC-007) ---
  ✅ PASS: I1: steering > +5° forces STANDBY (FR-DEC-007)
  ✅ PASS: I2: steering < -5° forces STANDBY (FR-DEC-007)

--- Group J: AEB disabled (FR-FSM-002) ---
  ✅ PASS: J1: aeb_enabled=0 forces FSM_OFF (FR-FSM-002)

--- Group K: complementary requirement-based cases ---
  ✅ PASS: K1: POST_BRAKE ignores brake pedal (FR-FSM-006)
  ✅ PASS: K2: POST_BRAKE ignores steering override (FR-FSM-006)
  ✅ PASS: K3: v_ego < V_STOP_THRESHOLD in STANDBY stays STANDBY (FR-DEC-008)
  ✅ PASS: K4: STANDBY with desired=BRAKE_L1 forced to WARNING (FR-DEC-011)

========================================
RESULTS: 39 passed, 0 failed
========================================
