
======================================
  AEB UDS Module — Unit Tests
======================================

  [01] test_init_defaults                                 PASS
  [02] test_read_did_ttc                                  PASS
  [03] test_read_did_fsm_state                            PASS
  [04] test_read_did_brake_pressure                       PASS
  [05] test_read_did_unsupported                          PASS
  [06] test_clear_dtc                                     PASS
  [07] test_routine_disable_aeb                           PASS
  [08] test_routine_enable_aeb                            PASS
  [09] test_routine_invalid_value                         PASS
  [10] test_routine_unsupported_rid                       PASS
  [11] test_dtc_sensor_fault                              PASS
  [12] test_dtc_crc_error                                 PASS
  [13] test_dtc_actuator_fault                            PASS
  [14] test_dtc_latch_persists                            PASS
  [15] test_dtc_multiple_faults                           PASS
  [16] test_unsupported_sid                               PASS
  [17] test_empty_request                                 PASS
  [18] test_ttc_zero                                      PASS
  [19] test_ttc_max                                       PASS
  [20] test_brake_pressure_max                            PASS
  [21] test_fsm_state_post_brake                          PASS
  [22] test_enable_disable_cycle                          PASS
  [23] test_dtc_clear_then_refault                        PASS
  [24] test_read_did_ttc_inf                              PASS
  [25] test_read_did_ttc_nan                              PASS
  [26] test_read_did_ttc_negative                         PASS
  [27] test_read_did_ttc_overflow                         PASS
  [28] test_read_did_brake_pressure_inf                   PASS
  [29] test_read_did_brake_pressure_nan                   PASS
  [30] test_read_did_brake_pressure_negative              PASS
  [31] test_read_did_brake_pressure_overflow              PASS

======================================
  Results: 31 / 31 passed
======================================


======================================
  AEB UDS — Fault Injection Suite
  ISO 26262-6 Tab. 11 item 1e (++ ASIL-D)
======================================

-- Category A: NaN / Infinity --
  [fault_a1_ttc_nan]
  [fault_a2_ttc_pos_inf]
  [fault_a3_ttc_neg_inf]
  [fault_a4_brake_nan]
  [fault_a5_brake_pos_inf]

-- Category B: Numeric extremes --
  [fault_b1_ttc_negative]
  [fault_b2_ttc_overflow]
  [fault_b3_ttc_float_max]
  [fault_b4_brake_negative]
  [fault_b5_brake_overflow]

-- Category C: Corrupted state (SEU) --
  [fault_c1_aeb_enabled_corrupted]
  [fault_c2_dtc_flags_corrupted]
  [fault_c3_single_dtc_corrupted]

-- Category D: Persistence --
  [fault_d1_clear_while_active]
  [fault_d2_rapid_toggle]
  [fault_d3_unknown_sid_does_not_spoof]

======================================
  Assertions: 18 run  18 passed  0 failed
======================================

